<?xml version="1.0" encoding="UTF-8"?>
<!-- Generated by org.testng.reporters.JUnitReportReporter -->
<testsuite skipped="0" hostname="LAPTOP-P6JVKOG4" name="maven.Mvn" tests="1" failures="0" timestamp="01 Sep 2019 18:08:16 GMT" time="0.007" errors="0">
  <testcase name="sample" time="0.007" classname="maven.Mvn"/>
</testsuite> <!-- maven.Mvn -->
